Determining if the pthread_create exist failed with the following output:
Change Dir: /home/dexter/IVR-assignment/ode-build/CMakeFiles/CMakeTmp

Run Build Command:"/usr/bin/make" "cmTC_a9500/fast"
/usr/bin/make -f CMakeFiles/cmTC_a9500.dir/build.make CMakeFiles/cmTC_a9500.dir/build
make[1]: Entering directory '/home/dexter/IVR-assignment/ode-build/CMakeFiles/CMakeTmp'
Building C object CMakeFiles/cmTC_a9500.dir/CheckSymbolExists.c.o
/usr/bin/cc     -o CMakeFiles/cmTC_a9500.dir/CheckSymbolExists.c.o   -c /home/dexter/IVR-assignment/ode-build/CMakeFiles/CMakeTmp/CheckSymbolExists.c
Linking C executable cmTC_a9500
/usr/bin/cmake -E cmake_link_script CMakeFiles/cmTC_a9500.dir/link.txt --verbose=1
/usr/bin/cc       CMakeFiles/cmTC_a9500.dir/CheckSymbolExists.c.o  -o cmTC_a9500 -rdynamic 
CMakeFiles/cmTC_a9500.dir/CheckSymbolExists.c.o: In function `main':
CheckSymbolExists.c:(.text+0x16): undefined reference to `pthread_create'
collect2: error: ld returned 1 exit status
CMakeFiles/cmTC_a9500.dir/build.make:97: recipe for target 'cmTC_a9500' failed
make[1]: *** [cmTC_a9500] Error 1
make[1]: Leaving directory '/home/dexter/IVR-assignment/ode-build/CMakeFiles/CMakeTmp'
Makefile:126: recipe for target 'cmTC_a9500/fast' failed
make: *** [cmTC_a9500/fast] Error 2

File /home/dexter/IVR-assignment/ode-build/CMakeFiles/CMakeTmp/CheckSymbolExists.c:
/* */
#include <pthread.h>

int main(int argc, char** argv)
{
  (void)argv;
#ifndef pthread_create
  return ((int*)(&pthread_create))[argc];
#else
  (void)argc;
  return 0;
#endif
}

Determining if the function pthread_create exists in the pthreads failed with the following output:
Change Dir: /home/dexter/IVR-assignment/ode-build/CMakeFiles/CMakeTmp

Run Build Command:"/usr/bin/make" "cmTC_99749/fast"
/usr/bin/make -f CMakeFiles/cmTC_99749.dir/build.make CMakeFiles/cmTC_99749.dir/build
make[1]: Entering directory '/home/dexter/IVR-assignment/ode-build/CMakeFiles/CMakeTmp'
Building C object CMakeFiles/cmTC_99749.dir/CheckFunctionExists.c.o
/usr/bin/cc    -DCHECK_FUNCTION_EXISTS=pthread_create   -o CMakeFiles/cmTC_99749.dir/CheckFunctionExists.c.o   -c /usr/share/cmake-3.5/Modules/CheckFunctionExists.c
Linking C executable cmTC_99749
/usr/bin/cmake -E cmake_link_script CMakeFiles/cmTC_99749.dir/link.txt --verbose=1
/usr/bin/cc   -DCHECK_FUNCTION_EXISTS=pthread_create    CMakeFiles/cmTC_99749.dir/CheckFunctionExists.c.o  -o cmTC_99749 -rdynamic -lpthreads 
/usr/bin/ld: cannot find -lpthreads
collect2: error: ld returned 1 exit status
CMakeFiles/cmTC_99749.dir/build.make:97: recipe for target 'cmTC_99749' failed
make[1]: *** [cmTC_99749] Error 1
make[1]: Leaving directory '/home/dexter/IVR-assignment/ode-build/CMakeFiles/CMakeTmp'
Makefile:126: recipe for target 'cmTC_99749/fast' failed
make: *** [cmTC_99749/fast] Error 2


Determining if the function pthread_attr_setstacklazy exists failed with the following output:
Change Dir: /home/dexter/IVR-assignment/ode-build/CMakeFiles/CMakeTmp

Run Build Command:"/usr/bin/make" "cmTC_9eed0/fast"
/usr/bin/make -f CMakeFiles/cmTC_9eed0.dir/build.make CMakeFiles/cmTC_9eed0.dir/build
make[1]: Entering directory '/home/dexter/IVR-assignment/ode-build/CMakeFiles/CMakeTmp'
Building C object CMakeFiles/cmTC_9eed0.dir/CheckFunctionExists.c.o
/usr/bin/cc    -DCHECK_FUNCTION_EXISTS=pthread_attr_setstacklazy   -o CMakeFiles/cmTC_9eed0.dir/CheckFunctionExists.c.o   -c /usr/share/cmake-3.5/Modules/CheckFunctionExists.c
Linking C executable cmTC_9eed0
/usr/bin/cmake -E cmake_link_script CMakeFiles/cmTC_9eed0.dir/link.txt --verbose=1
/usr/bin/cc   -DCHECK_FUNCTION_EXISTS=pthread_attr_setstacklazy    CMakeFiles/cmTC_9eed0.dir/CheckFunctionExists.c.o  -o cmTC_9eed0 -rdynamic -lpthread 
CMakeFiles/cmTC_9eed0.dir/CheckFunctionExists.c.o: In function `main':
CheckFunctionExists.c:(.text+0x15): undefined reference to `pthread_attr_setstacklazy'
collect2: error: ld returned 1 exit status
CMakeFiles/cmTC_9eed0.dir/build.make:97: recipe for target 'cmTC_9eed0' failed
make[1]: *** [cmTC_9eed0] Error 1
make[1]: Leaving directory '/home/dexter/IVR-assignment/ode-build/CMakeFiles/CMakeTmp'
Makefile:126: recipe for target 'cmTC_9eed0/fast' failed
make: *** [cmTC_9eed0/fast] Error 2


Determining if the function _isnan exists failed with the following output:
Change Dir: /home/dexter/IVR-assignment/ode-build/CMakeFiles/CMakeTmp

Run Build Command:"/usr/bin/make" "cmTC_d0808/fast"
/usr/bin/make -f CMakeFiles/cmTC_d0808.dir/build.make CMakeFiles/cmTC_d0808.dir/build
make[1]: Entering directory '/home/dexter/IVR-assignment/ode-build/CMakeFiles/CMakeTmp'
Building C object CMakeFiles/cmTC_d0808.dir/CheckFunctionExists.c.o
/usr/bin/cc    -DCHECK_FUNCTION_EXISTS=_isnan   -o CMakeFiles/cmTC_d0808.dir/CheckFunctionExists.c.o   -c /usr/share/cmake-3.5/Modules/CheckFunctionExists.c
Linking C executable cmTC_d0808
/usr/bin/cmake -E cmake_link_script CMakeFiles/cmTC_d0808.dir/link.txt --verbose=1
/usr/bin/cc   -DCHECK_FUNCTION_EXISTS=_isnan    CMakeFiles/cmTC_d0808.dir/CheckFunctionExists.c.o  -o cmTC_d0808 -rdynamic -lpthread 
CMakeFiles/cmTC_d0808.dir/CheckFunctionExists.c.o: In function `main':
CheckFunctionExists.c:(.text+0x15): undefined reference to `_isnan'
collect2: error: ld returned 1 exit status
CMakeFiles/cmTC_d0808.dir/build.make:97: recipe for target 'cmTC_d0808' failed
make[1]: *** [cmTC_d0808] Error 1
make[1]: Leaving directory '/home/dexter/IVR-assignment/ode-build/CMakeFiles/CMakeTmp'
Makefile:126: recipe for target 'cmTC_d0808/fast' failed
make: *** [cmTC_d0808/fast] Error 2


Determining if the function _isnanf exists failed with the following output:
Change Dir: /home/dexter/IVR-assignment/ode-build/CMakeFiles/CMakeTmp

Run Build Command:"/usr/bin/make" "cmTC_783c2/fast"
/usr/bin/make -f CMakeFiles/cmTC_783c2.dir/build.make CMakeFiles/cmTC_783c2.dir/build
make[1]: Entering directory '/home/dexter/IVR-assignment/ode-build/CMakeFiles/CMakeTmp'
Building C object CMakeFiles/cmTC_783c2.dir/CheckFunctionExists.c.o
/usr/bin/cc    -DCHECK_FUNCTION_EXISTS=_isnanf   -o CMakeFiles/cmTC_783c2.dir/CheckFunctionExists.c.o   -c /usr/share/cmake-3.5/Modules/CheckFunctionExists.c
Linking C executable cmTC_783c2
/usr/bin/cmake -E cmake_link_script CMakeFiles/cmTC_783c2.dir/link.txt --verbose=1
/usr/bin/cc   -DCHECK_FUNCTION_EXISTS=_isnanf    CMakeFiles/cmTC_783c2.dir/CheckFunctionExists.c.o  -o cmTC_783c2 -rdynamic -lpthread 
CMakeFiles/cmTC_783c2.dir/CheckFunctionExists.c.o: In function `main':
CheckFunctionExists.c:(.text+0x15): undefined reference to `_isnanf'
collect2: error: ld returned 1 exit status
CMakeFiles/cmTC_783c2.dir/build.make:97: recipe for target 'cmTC_783c2' failed
make[1]: *** [cmTC_783c2] Error 1
make[1]: Leaving directory '/home/dexter/IVR-assignment/ode-build/CMakeFiles/CMakeTmp'
Makefile:126: recipe for target 'cmTC_783c2/fast' failed
make: *** [cmTC_783c2/fast] Error 2


